0 info it worked if it ends with ok
1 verbose cli [ 'C:\\Program Files\\nodejs\\node.exe',
1 verbose cli   'C:\\Program Files\\nodejs\\node_modules\\npm\\bin\\npm-cli.js',
1 verbose cli   'run',
1 verbose cli   'build' ]
2 info using npm@3.10.8
3 info using node@v6.9.1
4 verbose run-script [ 'prebuild', 'build', 'postbuild' ]
5 info lifecycle todoapp@1.0.0~prebuild: todoapp@1.0.0
6 silly lifecycle todoapp@1.0.0~prebuild: no script for prebuild, continuing
7 info lifecycle todoapp@1.0.0~build: todoapp@1.0.0
8 verbose lifecycle todoapp@1.0.0~build: unsafe-perm in lifecycle true
9 verbose lifecycle todoapp@1.0.0~build: PATH: C:\Program Files\nodejs\node_modules\npm\bin\node-gyp-bin;E:\After Work\Training\todoapp\node_modules\.bin;C:\Users\Dell\bin;C:\Program Files\Git\mingw64\bin;C:\Program Files\Git\usr\local\bin;C:\Program Files\Git\usr\bin;C:\Program Files\Git\usr\bin;C:\Program Files\Git\mingw64\bin;C:\Program Files\Git\usr\bin;C:\Users\Dell\bin;C:\Program Files (x86)\Common Files\Intel\Shared Files\cpp\bin\Intel64;C:\Program Files\ImageMagick-6.9.3-Q16;C:\Program Files (x86)\iis express\PHP\v5.4;C:\app\Pooja_Malvi\product\12.1.0\dbhome_1\bin;C:\Users\product\12.1.0\dbhome_1\bin;E:\app\Pooja_Malvi\product\12.1.0\dbhome_1\bin;C:\ProgramData\Oracle\Java\javapath;C:\Program Files (x86)\Intel\iCLS Client;C:\Program Files\Intel\iCLS Client;C:\WINDOWS\system32;C:\WINDOWS;C:\WINDOWS\System32\Wbem;C:\WINDOWS\System32\WindowsPowerShell\v1.0;C:\Program Files\Intel\Intel(R) Management Engine Components\DAL;C:\Program Files\Intel\Intel(R) Management Engine Components\IPT;C:\Program Files (x86)\Intel\Intel(R) Management Engine Components\DAL;C:\Program Files (x86)\Intel\Intel(R) Management Engine Components\IPT;C:\Program Files (x86)\ATI Technologies\ATI.ACE\Core-Static;C:\Program Files (x86)\Windows Live\Shared;C:\Program Files (x86)\AMD\ATI.ACE\Core-Static;C:\Program Files (x86)\ATI Technologies\ATI.ACE\Core-Static;C:\wind\Ruby22-x64\bin;C:\Ruby22-x64\bin;C:\WINDOWS\system32;C:\WINDOWS;C:\WINDOWS\System32\Wbem;C:\WINDOWS\System32\WindowsPowerShell\v1.0;C:\Program Files (x86)\Heroku\bin;C:\Program Files (x86)\git\cmd;C:\Program Files\dotnet;C:\Program Files\nodejs;C:\Program Files (x86)\Skype\Phone;C:\Program Files\Git\cmd;C:\Program Files\PuTTY;C:\RailsInstaller\Ruby2.3.3\bin;C:\Ruby23-x64\bin;C:\Program Files\MongoDB\Server\3.2\bin;C:\Users\Dell\AppData\Roaming\npm;C:\Users\Dell\AppData\Local\Microsoft\WindowsApps;C:\Program Files\Heroku\bin;C:\Program Files\Git\usr\bin\vendor_perl;C:\Program Files\Git\usr\bin\core_perl
10 verbose lifecycle todoapp@1.0.0~build: CWD: E:\After Work\Training\todoapp
11 silly lifecycle todoapp@1.0.0~build: Args: [ '/d /s /c', 'webpack --debug' ]
12 silly lifecycle todoapp@1.0.0~build: Returned: code: 1  signal: null
13 info lifecycle todoapp@1.0.0~build: Failed to exec build script
14 verbose stack Error: todoapp@1.0.0 build: `webpack --debug`
14 verbose stack Exit status 1
14 verbose stack     at EventEmitter.<anonymous> (C:\Program Files\nodejs\node_modules\npm\lib\utils\lifecycle.js:255:16)
14 verbose stack     at emitTwo (events.js:106:13)
14 verbose stack     at EventEmitter.emit (events.js:191:7)
14 verbose stack     at ChildProcess.<anonymous> (C:\Program Files\nodejs\node_modules\npm\lib\utils\spawn.js:40:14)
14 verbose stack     at emitTwo (events.js:106:13)
14 verbose stack     at ChildProcess.emit (events.js:191:7)
14 verbose stack     at maybeClose (internal/child_process.js:877:16)
14 verbose stack     at Process.ChildProcess._handle.onexit (internal/child_process.js:226:5)
15 verbose pkgid todoapp@1.0.0
16 verbose cwd E:\After Work\Training\todoapp
17 error Windows_NT 10.0.15063
18 error argv "C:\\Program Files\\nodejs\\node.exe" "C:\\Program Files\\nodejs\\node_modules\\npm\\bin\\npm-cli.js" "run" "build"
19 error node v6.9.1
20 error npm  v3.10.8
21 error code ELIFECYCLE
22 error todoapp@1.0.0 build: `webpack --debug`
22 error Exit status 1
23 error Failed at the todoapp@1.0.0 build script 'webpack --debug'.
23 error Make sure you have the latest version of node.js and npm installed.
23 error If you do, this is most likely a problem with the todoapp package,
23 error not with npm itself.
23 error Tell the author that this fails on your system:
23 error     webpack --debug
23 error You can get information on how to open an issue for this project with:
23 error     npm bugs todoapp
23 error Or if that isn't available, you can get their info via:
23 error     npm owner ls todoapp
23 error There is likely additional logging output above.
24 verbose exit [ 1, true ]
